<?xml version="1.0" encoding="UTF-8"?>
<!-- Generated by org.testng.reporters.JUnitXMLReporter -->
<testsuite hostname="sonali_cicd" failures="0" tests="3" name="Default test" time="10.438" errors="0" timestamp="30 May 2020 14:36:12 GMT">
  <testcase classname="in.ecgc.erp.hrd_emp_be.TestNGController" name="addEmployee" time="0.374"/>
  <testcase classname="in.ecgc.erp.hrd_emp_be.TestNGController" name="deleteEmployee" time="0.028"/>
  <testcase classname="in.ecgc.erp.hrd_emp_be.TestNGController" name="viewAllEmployees" time="0.031"/>
</testsuite> <!-- Default test -->
