<?xml version="1.0" encoding="UTF-8"?>
<!-- Generated by org.testng.reporters.JUnitXMLReporter -->
<testsuite hostname="sonali_cicd" failures="0" tests="3" name="Default test" time="7.412" errors="0" timestamp="21 May 2020 15:21:35 GMT">
  <testcase classname="in.ecgc.erp.hrd_emp_be.TestNGController" name="addEmployee" time="0.373"/>
  <testcase classname="in.ecgc.erp.hrd_emp_be.TestNGController" name="deleteEmployee" time="0.057"/>
  <testcase classname="in.ecgc.erp.hrd_emp_be.TestNGController" name="viewAllEmployees" time="0.039"/>
</testsuite> <!-- Default test -->
